<?xml version="1.0" encoding="UTF-8"?>
<testsuite xmlns:xsi="http://www.w3.org/2001/XMLSchema-instance" xsi:noNamespaceSchemaLocation="https://maven.apache.org/surefire/maven-surefire-plugin/xsd/surefire-test-report-3.0.xsd" version="3.0" name="com.volumate.service.VolumeSerenityScoreServiceTest" time="1.023" tests="7" errors="0" skipped="0" failures="0">
  <properties>
    <property name="java.specification.version" value="17"/>
    <property name="sun.cpu.isalist" value="amd64"/>
    <property name="sun.jnu.encoding" value="Cp1252"/>
    <property name="java.class.path" value="C:\Users\ander\checkVolume\backend\target\test-classes;C:\Users\ander\checkVolume\backend\target\classes;C:\Users\ander\.m2\repository\org\springframework\boot\spring-boot-starter-web\3.2.0\spring-boot-starter-web-3.2.0.jar;C:\Users\ander\.m2\repository\org\springframework\boot\spring-boot-starter\3.2.0\spring-boot-starter-3.2.0.jar;C:\Users\ander\.m2\repository\org\springframework\boot\spring-boot-starter-logging\3.2.0\spring-boot-starter-logging-3.2.0.jar;C:\Users\ander\.m2\repository\ch\qos\logback\logback-classic\1.4.11\logback-classic-1.4.11.jar;C:\Users\ander\.m2\repository\ch\qos\logback\logback-core\1.4.11\logback-core-1.4.11.jar;C:\Users\ander\.m2\repository\org\apache\logging\log4j\log4j-to-slf4j\2.21.1\log4j-to-slf4j-2.21.1.jar;C:\Users\ander\.m2\repository\org\apache\logging\log4j\log4j-api\2.21.1\log4j-api-2.21.1.jar;C:\Users\ander\.m2\repository\org\slf4j\jul-to-slf4j\2.0.9\jul-to-slf4j-2.0.9.jar;C:\Users\ander\.m2\repository\jakarta\annotation\jakarta.annotation-api\2.1.1\jakarta.annotation-api-2.1.1.jar;C:\Users\ander\.m2\repository\org\yaml\snakeyaml\2.2\snakeyaml-2.2.jar;C:\Users\ander\.m2\repository\org\springframework\boot\spring-boot-starter-json\3.2.0\spring-boot-starter-json-3.2.0.jar;C:\Users\ander\.m2\repository\com\fasterxml\jackson\datatype\jackson-datatype-jdk8\2.15.3\jackson-datatype-jdk8-2.15.3.jar;C:\Users\ander\.m2\repository\com\fasterxml\jackson\datatype\jackson-datatype-jsr310\2.15.3\jackson-datatype-jsr310-2.15.3.jar;C:\Users\ander\.m2\repository\com\fasterxml\jackson\module\jackson-module-parameter-names\2.15.3\jackson-module-parameter-names-2.15.3.jar;C:\Users\ander\.m2\repository\org\springframework\boot\spring-boot-starter-tomcat\3.2.0\spring-boot-starter-tomcat-3.2.0.jar;C:\Users\ander\.m2\repository\org\apache\tomcat\embed\tomcat-embed-core\10.1.16\tomcat-embed-core-10.1.16.jar;C:\Users\ander\.m2\repository\org\apache\tomcat\embed\tomcat-embed-websocket\10.1.16\tomcat-embed-websocket-10.1.16.jar;C:\Users\ander\.m2\repository\org\springframework\spring-web\6.1.1\spring-web-6.1.1.jar;C:\Users\ander\.m2\repository\org\springframework\spring-beans\6.1.1\spring-beans-6.1.1.jar;C:\Users\ander\.m2\repository\io\micrometer\micrometer-observation\1.12.0\micrometer-observation-1.12.0.jar;C:\Users\ander\.m2\repository\io\micrometer\micrometer-commons\1.12.0\micrometer-commons-1.12.0.jar;C:\Users\ander\.m2\repository\org\springframework\spring-webmvc\6.1.1\spring-webmvc-6.1.1.jar;C:\Users\ander\.m2\repository\org\springframework\spring-aop\6.1.1\spring-aop-6.1.1.jar;C:\Users\ander\.m2\repository\org\springframework\spring-context\6.1.1\spring-context-6.1.1.jar;C:\Users\ander\.m2\repository\org\springframework\spring-expression\6.1.1\spring-expression-6.1.1.jar;C:\Users\ander\.m2\repository\org\springframework\boot\spring-boot-starter-validation\3.2.0\spring-boot-starter-validation-3.2.0.jar;C:\Users\ander\.m2\repository\org\apache\tomcat\embed\tomcat-embed-el\10.1.16\tomcat-embed-el-10.1.16.jar;C:\Users\ander\.m2\repository\org\hibernate\validator\hibernate-validator\8.0.1.Final\hibernate-validator-8.0.1.Final.jar;C:\Users\ander\.m2\repository\jakarta\validation\jakarta.validation-api\3.0.2\jakarta.validation-api-3.0.2.jar;C:\Users\ander\.m2\repository\org\jboss\logging\jboss-logging\3.5.3.Final\jboss-logging-3.5.3.Final.jar;C:\Users\ander\.m2\repository\com\fasterxml\classmate\1.6.0\classmate-1.6.0.jar;C:\Users\ander\.m2\repository\org\springframework\boot\spring-boot-starter-cache\3.2.0\spring-boot-starter-cache-3.2.0.jar;C:\Users\ander\.m2\repository\org\springframework\spring-context-support\6.1.1\spring-context-support-6.1.1.jar;C:\Users\ander\.m2\repository\org\springframework\boot\spring-boot-starter-webflux\3.2.0\spring-boot-starter-webflux-3.2.0.jar;C:\Users\ander\.m2\repository\org\springframework\boot\spring-boot-starter-reactor-netty\3.2.0\spring-boot-starter-reactor-netty-3.2.0.jar;C:\Users\ander\.m2\repository\io\projectreactor\netty\reactor-netty-http\1.1.13\reactor-netty-http-1.1.13.jar;C:\Users\ander\.m2\repository\io\netty\netty-codec-http\4.1.101.Final\netty-codec-http-4.1.101.Final.jar;C:\Users\ander\.m2\repository\io\netty\netty-common\4.1.101.Final\netty-common-4.1.101.Final.jar;C:\Users\ander\.m2\repository\io\netty\netty-buffer\4.1.101.Final\netty-buffer-4.1.101.Final.jar;C:\Users\ander\.m2\repository\io\netty\netty-transport\4.1.101.Final\netty-transport-4.1.101.Final.jar;C:\Users\ander\.m2\repository\io\netty\netty-codec\4.1.101.Final\netty-codec-4.1.101.Final.jar;C:\Users\ander\.m2\repository\io\netty\netty-handler\4.1.101.Final\netty-handler-4.1.101.Final.jar;C:\Users\ander\.m2\repository\io\netty\netty-codec-http2\4.1.101.Final\netty-codec-http2-4.1.101.Final.jar;C:\Users\ander\.m2\repository\io\netty\netty-resolver-dns\4.1.101.Final\netty-resolver-dns-4.1.101.Final.jar;C:\Users\ander\.m2\repository\io\netty\netty-resolver\4.1.101.Final\netty-resolver-4.1.101.Final.jar;C:\Users\ander\.m2\repository\io\netty\netty-codec-dns\4.1.101.Final\netty-codec-dns-4.1.101.Final.jar;C:\Users\ander\.m2\repository\io\netty\netty-resolver-dns-native-macos\4.1.101.Final\netty-resolver-dns-native-macos-4.1.101.Final-osx-x86_64.jar;C:\Users\ander\.m2\repository\io\netty\netty-resolver-dns-classes-macos\4.1.101.Final\netty-resolver-dns-classes-macos-4.1.101.Final.jar;C:\Users\ander\.m2\repository\io\netty\netty-transport-native-epoll\4.1.101.Final\netty-transport-native-epoll-4.1.101.Final-linux-x86_64.jar;C:\Users\ander\.m2\repository\io\netty\netty-transport-native-unix-common\4.1.101.Final\netty-transport-native-unix-common-4.1.101.Final.jar;C:\Users\ander\.m2\repository\io\netty\netty-transport-classes-epoll\4.1.101.Final\netty-transport-classes-epoll-4.1.101.Final.jar;C:\Users\ander\.m2\repository\io\projectreactor\netty\reactor-netty-core\1.1.13\reactor-netty-core-1.1.13.jar;C:\Users\ander\.m2\repository\io\netty\netty-handler-proxy\4.1.101.Final\netty-handler-proxy-4.1.101.Final.jar;C:\Users\ander\.m2\repository\io\netty\netty-codec-socks\4.1.101.Final\netty-codec-socks-4.1.101.Final.jar;C:\Users\ander\.m2\repository\org\springframework\spring-webflux\6.1.1\spring-webflux-6.1.1.jar;C:\Users\ander\.m2\repository\io\projectreactor\reactor-core\3.6.0\reactor-core-3.6.0.jar;C:\Users\ander\.m2\repository\org\reactivestreams\reactive-streams\1.0.4\reactive-streams-1.0.4.jar;C:\Users\ander\.m2\repository\com\fasterxml\jackson\core\jackson-databind\2.15.3\jackson-databind-2.15.3.jar;C:\Users\ander\.m2\repository\com\fasterxml\jackson\core\jackson-annotations\2.15.3\jackson-annotations-2.15.3.jar;C:\Users\ander\.m2\repository\com\fasterxml\jackson\core\jackson-core\2.15.3\jackson-core-2.15.3.jar;C:\Users\ander\.m2\repository\org\springframework\boot\spring-boot-starter-test\3.2.0\spring-boot-starter-test-3.2.0.jar;C:\Users\ander\.m2\repository\org\springframework\boot\spring-boot-test\3.2.0\spring-boot-test-3.2.0.jar;C:\Users\ander\.m2\repository\org\springframework\boot\spring-boot-test-autoconfigure\3.2.0\spring-boot-test-autoconfigure-3.2.0.jar;C:\Users\ander\.m2\repository\com\jayway\jsonpath\json-path\2.8.0\json-path-2.8.0.jar;C:\Users\ander\.m2\repository\jakarta\xml\bind\jakarta.xml.bind-api\4.0.1\jakarta.xml.bind-api-4.0.1.jar;C:\Users\ander\.m2\repository\jakarta\activation\jakarta.activation-api\2.1.2\jakarta.activation-api-2.1.2.jar;C:\Users\ander\.m2\repository\net\minidev\json-smart\2.5.0\json-smart-2.5.0.jar;C:\Users\ander\.m2\repository\net\minidev\accessors-smart\2.5.0\accessors-smart-2.5.0.jar;C:\Users\ander\.m2\repository\org\ow2\asm\asm\9.3\asm-9.3.jar;C:\Users\ander\.m2\repository\org\assertj\assertj-core\3.24.2\assertj-core-3.24.2.jar;C:\Users\ander\.m2\repository\net\bytebuddy\byte-buddy\1.14.10\byte-buddy-1.14.10.jar;C:\Users\ander\.m2\repository\org\awaitility\awaitility\4.2.0\awaitility-4.2.0.jar;C:\Users\ander\.m2\repository\org\hamcrest\hamcrest\2.2\hamcrest-2.2.jar;C:\Users\ander\.m2\repository\org\junit\jupiter\junit-jupiter\5.10.1\junit-jupiter-5.10.1.jar;C:\Users\ander\.m2\repository\org\junit\jupiter\junit-jupiter-api\5.10.1\junit-jupiter-api-5.10.1.jar;C:\Users\ander\.m2\repository\org\opentest4j\opentest4j\1.3.0\opentest4j-1.3.0.jar;C:\Users\ander\.m2\repository\org\junit\platform\junit-platform-commons\1.10.1\junit-platform-commons-1.10.1.jar;C:\Users\ander\.m2\repository\org\apiguardian\apiguardian-api\1.1.2\apiguardian-api-1.1.2.jar;C:\Users\ander\.m2\repository\org\junit\jupiter\junit-jupiter-params\5.10.1\junit-jupiter-params-5.10.1.jar;C:\Users\ander\.m2\repository\org\junit\jupiter\junit-jupiter-engine\5.10.1\junit-jupiter-engine-5.10.1.jar;C:\Users\ander\.m2\repository\org\junit\platform\junit-platform-engine\1.10.1\junit-platform-engine-1.10.1.jar;C:\Users\ander\.m2\repository\org\mockito\mockito-core\5.7.0\mockito-core-5.7.0.jar;C:\Users\ander\.m2\repository\net\bytebuddy\byte-buddy-agent\1.14.10\byte-buddy-agent-1.14.10.jar;C:\Users\ander\.m2\repository\org\objenesis\objenesis\3.3\objenesis-3.3.jar;C:\Users\ander\.m2\repository\org\mockito\mockito-junit-jupiter\5.7.0\mockito-junit-jupiter-5.7.0.jar;C:\Users\ander\.m2\repository\org\skyscreamer\jsonassert\1.5.1\jsonassert-1.5.1.jar;C:\Users\ander\.m2\repository\com\vaadin\external\google\android-json\0.0.20131108.vaadin1\android-json-0.0.20131108.vaadin1.jar;C:\Users\ander\.m2\repository\org\springframework\spring-core\6.1.1\spring-core-6.1.1.jar;C:\Users\ander\.m2\repository\org\springframework\spring-jcl\6.1.1\spring-jcl-6.1.1.jar;C:\Users\ander\.m2\repository\org\springframework\spring-test\6.1.1\spring-test-6.1.1.jar;C:\Users\ander\.m2\repository\org\xmlunit\xmlunit-core\2.9.1\xmlunit-core-2.9.1.jar;C:\Users\ander\.m2\repository\org\springframework\boot\spring-boot-devtools\3.2.0\spring-boot-devtools-3.2.0.jar;C:\Users\ander\.m2\repository\org\springframework\boot\spring-boot\3.2.0\spring-boot-3.2.0.jar;C:\Users\ander\.m2\repository\org\springframework\boot\spring-boot-autoconfigure\3.2.0\spring-boot-autoconfigure-3.2.0.jar;C:\Users\ander\.m2\repository\org\projectlombok\lombok\1.18.30\lombok-1.18.30.jar;C:\Users\ander\.m2\repository\org\xerial\sqlite-jdbc\3.45.1.0\sqlite-jdbc-3.45.1.0.jar;C:\Users\ander\.m2\repository\org\slf4j\slf4j-api\2.0.9\slf4j-api-2.0.9.jar;"/>
    <property name="java.vm.vendor" value="Oracle Corporation"/>
    <property name="sun.arch.data.model" value="64"/>
    <property name="user.variant" value=""/>
    <property name="java.vendor.url" value="https://java.oracle.com/"/>
    <property name="user.timezone" value="Europe/Copenhagen"/>
    <property name="os.name" value="Windows 11"/>
    <property name="java.vm.specification.version" value="17"/>
    <property name="sun.java.launcher" value="SUN_STANDARD"/>
    <property name="user.country" value="DK"/>
    <property name="sun.boot.library.path" value="C:\Program Files\Java\jdk-17\bin"/>
    <property name="sun.java.command" value="C:\Users\ander\AppData\Local\Temp\surefire6889681971980209258\surefirebooter-20250722183058280_3.jar C:\Users\ander\AppData\Local\Temp\surefire6889681971980209258 2025-07-22T18-30-58_129-jvmRun1 surefire-20250722183058280_1tmp surefire_0-20250722183058280_2tmp"/>
    <property name="jdk.debug" value="release"/>
    <property name="surefire.test.class.path" value="C:\Users\ander\checkVolume\backend\target\test-classes;C:\Users\ander\checkVolume\backend\target\classes;C:\Users\ander\.m2\repository\org\springframework\boot\spring-boot-starter-web\3.2.0\spring-boot-starter-web-3.2.0.jar;C:\Users\ander\.m2\repository\org\springframework\boot\spring-boot-starter\3.2.0\spring-boot-starter-3.2.0.jar;C:\Users\ander\.m2\repository\org\springframework\boot\spring-boot-starter-logging\3.2.0\spring-boot-starter-logging-3.2.0.jar;C:\Users\ander\.m2\repository\ch\qos\logback\logback-classic\1.4.11\logback-classic-1.4.11.jar;C:\Users\ander\.m2\repository\ch\qos\logback\logback-core\1.4.11\logback-core-1.4.11.jar;C:\Users\ander\.m2\repository\org\apache\logging\log4j\log4j-to-slf4j\2.21.1\log4j-to-slf4j-2.21.1.jar;C:\Users\ander\.m2\repository\org\apache\logging\log4j\log4j-api\2.21.1\log4j-api-2.21.1.jar;C:\Users\ander\.m2\repository\org\slf4j\jul-to-slf4j\2.0.9\jul-to-slf4j-2.0.9.jar;C:\Users\ander\.m2\repository\jakarta\annotation\jakarta.annotation-api\2.1.1\jakarta.annotation-api-2.1.1.jar;C:\Users\ander\.m2\repository\org\yaml\snakeyaml\2.2\snakeyaml-2.2.jar;C:\Users\ander\.m2\repository\org\springframework\boot\spring-boot-starter-json\3.2.0\spring-boot-starter-json-3.2.0.jar;C:\Users\ander\.m2\repository\com\fasterxml\jackson\datatype\jackson-datatype-jdk8\2.15.3\jackson-datatype-jdk8-2.15.3.jar;C:\Users\ander\.m2\repository\com\fasterxml\jackson\datatype\jackson-datatype-jsr310\2.15.3\jackson-datatype-jsr310-2.15.3.jar;C:\Users\ander\.m2\repository\com\fasterxml\jackson\module\jackson-module-parameter-names\2.15.3\jackson-module-parameter-names-2.15.3.jar;C:\Users\ander\.m2\repository\org\springframework\boot\spring-boot-starter-tomcat\3.2.0\spring-boot-starter-tomcat-3.2.0.jar;C:\Users\ander\.m2\repository\org\apache\tomcat\embed\tomcat-embed-core\10.1.16\tomcat-embed-core-10.1.16.jar;C:\Users\ander\.m2\repository\org\apache\tomcat\embed\tomcat-embed-websocket\10.1.16\tomcat-embed-websocket-10.1.16.jar;C:\Users\ander\.m2\repository\org\springframework\spring-web\6.1.1\spring-web-6.1.1.jar;C:\Users\ander\.m2\repository\org\springframework\spring-beans\6.1.1\spring-beans-6.1.1.jar;C:\Users\ander\.m2\repository\io\micrometer\micrometer-observation\1.12.0\micrometer-observation-1.12.0.jar;C:\Users\ander\.m2\repository\io\micrometer\micrometer-commons\1.12.0\micrometer-commons-1.12.0.jar;C:\Users\ander\.m2\repository\org\springframework\spring-webmvc\6.1.1\spring-webmvc-6.1.1.jar;C:\Users\ander\.m2\repository\org\springframework\spring-aop\6.1.1\spring-aop-6.1.1.jar;C:\Users\ander\.m2\repository\org\springframework\spring-context\6.1.1\spring-context-6.1.1.jar;C:\Users\ander\.m2\repository\org\springframework\spring-expression\6.1.1\spring-expression-6.1.1.jar;C:\Users\ander\.m2\repository\org\springframework\boot\spring-boot-starter-validation\3.2.0\spring-boot-starter-validation-3.2.0.jar;C:\Users\ander\.m2\repository\org\apache\tomcat\embed\tomcat-embed-el\10.1.16\tomcat-embed-el-10.1.16.jar;C:\Users\ander\.m2\repository\org\hibernate\validator\hibernate-validator\8.0.1.Final\hibernate-validator-8.0.1.Final.jar;C:\Users\ander\.m2\repository\jakarta\validation\jakarta.validation-api\3.0.2\jakarta.validation-api-3.0.2.jar;C:\Users\ander\.m2\repository\org\jboss\logging\jboss-logging\3.5.3.Final\jboss-logging-3.5.3.Final.jar;C:\Users\ander\.m2\repository\com\fasterxml\classmate\1.6.0\classmate-1.6.0.jar;C:\Users\ander\.m2\repository\org\springframework\boot\spring-boot-starter-cache\3.2.0\spring-boot-starter-cache-3.2.0.jar;C:\Users\ander\.m2\repository\org\springframework\spring-context-support\6.1.1\spring-context-support-6.1.1.jar;C:\Users\ander\.m2\repository\org\springframework\boot\spring-boot-starter-webflux\3.2.0\spring-boot-starter-webflux-3.2.0.jar;C:\Users\ander\.m2\repository\org\springframework\boot\spring-boot-starter-reactor-netty\3.2.0\spring-boot-starter-reactor-netty-3.2.0.jar;C:\Users\ander\.m2\repository\io\projectreactor\netty\reactor-netty-http\1.1.13\reactor-netty-http-1.1.13.jar;C:\Users\ander\.m2\repository\io\netty\netty-codec-http\4.1.101.Final\netty-codec-http-4.1.101.Final.jar;C:\Users\ander\.m2\repository\io\netty\netty-common\4.1.101.Final\netty-common-4.1.101.Final.jar;C:\Users\ander\.m2\repository\io\netty\netty-buffer\4.1.101.Final\netty-buffer-4.1.101.Final.jar;C:\Users\ander\.m2\repository\io\netty\netty-transport\4.1.101.Final\netty-transport-4.1.101.Final.jar;C:\Users\ander\.m2\repository\io\netty\netty-codec\4.1.101.Final\netty-codec-4.1.101.Final.jar;C:\Users\ander\.m2\repository\io\netty\netty-handler\4.1.101.Final\netty-handler-4.1.101.Final.jar;C:\Users\ander\.m2\repository\io\netty\netty-codec-http2\4.1.101.Final\netty-codec-http2-4.1.101.Final.jar;C:\Users\ander\.m2\repository\io\netty\netty-resolver-dns\4.1.101.Final\netty-resolver-dns-4.1.101.Final.jar;C:\Users\ander\.m2\repository\io\netty\netty-resolver\4.1.101.Final\netty-resolver-4.1.101.Final.jar;C:\Users\ander\.m2\repository\io\netty\netty-codec-dns\4.1.101.Final\netty-codec-dns-4.1.101.Final.jar;C:\Users\ander\.m2\repository\io\netty\netty-resolver-dns-native-macos\4.1.101.Final\netty-resolver-dns-native-macos-4.1.101.Final-osx-x86_64.jar;C:\Users\ander\.m2\repository\io\netty\netty-resolver-dns-classes-macos\4.1.101.Final\netty-resolver-dns-classes-macos-4.1.101.Final.jar;C:\Users\ander\.m2\repository\io\netty\netty-transport-native-epoll\4.1.101.Final\netty-transport-native-epoll-4.1.101.Final-linux-x86_64.jar;C:\Users\ander\.m2\repository\io\netty\netty-transport-native-unix-common\4.1.101.Final\netty-transport-native-unix-common-4.1.101.Final.jar;C:\Users\ander\.m2\repository\io\netty\netty-transport-classes-epoll\4.1.101.Final\netty-transport-classes-epoll-4.1.101.Final.jar;C:\Users\ander\.m2\repository\io\projectreactor\netty\reactor-netty-core\1.1.13\reactor-netty-core-1.1.13.jar;C:\Users\ander\.m2\repository\io\netty\netty-handler-proxy\4.1.101.Final\netty-handler-proxy-4.1.101.Final.jar;C:\Users\ander\.m2\repository\io\netty\netty-codec-socks\4.1.101.Final\netty-codec-socks-4.1.101.Final.jar;C:\Users\ander\.m2\repository\org\springframework\spring-webflux\6.1.1\spring-webflux-6.1.1.jar;C:\Users\ander\.m2\repository\io\projectreactor\reactor-core\3.6.0\reactor-core-3.6.0.jar;C:\Users\ander\.m2\repository\org\reactivestreams\reactive-streams\1.0.4\reactive-streams-1.0.4.jar;C:\Users\ander\.m2\repository\com\fasterxml\jackson\core\jackson-databind\2.15.3\jackson-databind-2.15.3.jar;C:\Users\ander\.m2\repository\com\fasterxml\jackson\core\jackson-annotations\2.15.3\jackson-annotations-2.15.3.jar;C:\Users\ander\.m2\repository\com\fasterxml\jackson\core\jackson-core\2.15.3\jackson-core-2.15.3.jar;C:\Users\ander\.m2\repository\org\springframework\boot\spring-boot-starter-test\3.2.0\spring-boot-starter-test-3.2.0.jar;C:\Users\ander\.m2\repository\org\springframework\boot\spring-boot-test\3.2.0\spring-boot-test-3.2.0.jar;C:\Users\ander\.m2\repository\org\springframework\boot\spring-boot-test-autoconfigure\3.2.0\spring-boot-test-autoconfigure-3.2.0.jar;C:\Users\ander\.m2\repository\com\jayway\jsonpath\json-path\2.8.0\json-path-2.8.0.jar;C:\Users\ander\.m2\repository\jakarta\xml\bind\jakarta.xml.bind-api\4.0.1\jakarta.xml.bind-api-4.0.1.jar;C:\Users\ander\.m2\repository\jakarta\activation\jakarta.activation-api\2.1.2\jakarta.activation-api-2.1.2.jar;C:\Users\ander\.m2\repository\net\minidev\json-smart\2.5.0\json-smart-2.5.0.jar;C:\Users\ander\.m2\repository\net\minidev\accessors-smart\2.5.0\accessors-smart-2.5.0.jar;C:\Users\ander\.m2\repository\org\ow2\asm\asm\9.3\asm-9.3.jar;C:\Users\ander\.m2\repository\org\assertj\assertj-core\3.24.2\assertj-core-3.24.2.jar;C:\Users\ander\.m2\repository\net\bytebuddy\byte-buddy\1.14.10\byte-buddy-1.14.10.jar;C:\Users\ander\.m2\repository\org\awaitility\awaitility\4.2.0\awaitility-4.2.0.jar;C:\Users\ander\.m2\repository\org\hamcrest\hamcrest\2.2\hamcrest-2.2.jar;C:\Users\ander\.m2\repository\org\junit\jupiter\junit-jupiter\5.10.1\junit-jupiter-5.10.1.jar;C:\Users\ander\.m2\repository\org\junit\jupiter\junit-jupiter-api\5.10.1\junit-jupiter-api-5.10.1.jar;C:\Users\ander\.m2\repository\org\opentest4j\opentest4j\1.3.0\opentest4j-1.3.0.jar;C:\Users\ander\.m2\repository\org\junit\platform\junit-platform-commons\1.10.1\junit-platform-commons-1.10.1.jar;C:\Users\ander\.m2\repository\org\apiguardian\apiguardian-api\1.1.2\apiguardian-api-1.1.2.jar;C:\Users\ander\.m2\repository\org\junit\jupiter\junit-jupiter-params\5.10.1\junit-jupiter-params-5.10.1.jar;C:\Users\ander\.m2\repository\org\junit\jupiter\junit-jupiter-engine\5.10.1\junit-jupiter-engine-5.10.1.jar;C:\Users\ander\.m2\repository\org\junit\platform\junit-platform-engine\1.10.1\junit-platform-engine-1.10.1.jar;C:\Users\ander\.m2\repository\org\mockito\mockito-core\5.7.0\mockito-core-5.7.0.jar;C:\Users\ander\.m2\repository\net\bytebuddy\byte-buddy-agent\1.14.10\byte-buddy-agent-1.14.10.jar;C:\Users\ander\.m2\repository\org\objenesis\objenesis\3.3\objenesis-3.3.jar;C:\Users\ander\.m2\repository\org\mockito\mockito-junit-jupiter\5.7.0\mockito-junit-jupiter-5.7.0.jar;C:\Users\ander\.m2\repository\org\skyscreamer\jsonassert\1.5.1\jsonassert-1.5.1.jar;C:\Users\ander\.m2\repository\com\vaadin\external\google\android-json\0.0.20131108.vaadin1\android-json-0.0.20131108.vaadin1.jar;C:\Users\ander\.m2\repository\org\springframework\spring-core\6.1.1\spring-core-6.1.1.jar;C:\Users\ander\.m2\repository\org\springframework\spring-jcl\6.1.1\spring-jcl-6.1.1.jar;C:\Users\ander\.m2\repository\org\springframework\spring-test\6.1.1\spring-test-6.1.1.jar;C:\Users\ander\.m2\repository\org\xmlunit\xmlunit-core\2.9.1\xmlunit-core-2.9.1.jar;C:\Users\ander\.m2\repository\org\springframework\boot\spring-boot-devtools\3.2.0\spring-boot-devtools-3.2.0.jar;C:\Users\ander\.m2\repository\org\springframework\boot\spring-boot\3.2.0\spring-boot-3.2.0.jar;C:\Users\ander\.m2\repository\org\springframework\boot\spring-boot-autoconfigure\3.2.0\spring-boot-autoconfigure-3.2.0.jar;C:\Users\ander\.m2\repository\org\projectlombok\lombok\1.18.30\lombok-1.18.30.jar;C:\Users\ander\.m2\repository\org\xerial\sqlite-jdbc\3.45.1.0\sqlite-jdbc-3.45.1.0.jar;C:\Users\ander\.m2\repository\org\slf4j\slf4j-api\2.0.9\slf4j-api-2.0.9.jar;"/>
    <property name="sun.cpu.endian" value="little"/>
    <property name="user.home" value="C:\Users\ander"/>
    <property name="user.language" value="da"/>
    <property name="java.specification.vendor" value="Oracle Corporation"/>
    <property name="java.version.date" value="2024-07-16"/>
    <property name="java.home" value="C:\Program Files\Java\jdk-17"/>
    <property name="file.separator" value="\"/>
    <property name="basedir" value="C:\Users\ander\checkVolume\backend"/>
    <property name="java.vm.compressedOopsMode" value="Zero based"/>
    <property name="line.separator" value="&#10;"/>
    <property name="java.vm.specification.vendor" value="Oracle Corporation"/>
    <property name="java.specification.name" value="Java Platform API Specification"/>
    <property name="surefire.real.class.path" value="C:\Users\ander\AppData\Local\Temp\surefire6889681971980209258\surefirebooter-20250722183058280_3.jar"/>
    <property name="user.script" value=""/>
    <property name="sun.management.compiler" value="HotSpot 64-Bit Tiered Compilers"/>
    <property name="java.runtime.version" value="17.0.12+8-LTS-286"/>
    <property name="user.name" value="ander"/>
    <property name="path.separator" value=";"/>
    <property name="os.version" value="10.0"/>
    <property name="java.runtime.name" value="Java(TM) SE Runtime Environment"/>
    <property name="file.encoding" value="Cp1252"/>
    <property name="java.vm.name" value="Java HotSpot(TM) 64-Bit Server VM"/>
    <property name="localRepository" value="C:\Users\ander\.m2\repository"/>
    <property name="java.vendor.url.bug" value="https://bugreport.java.com/bugreport/"/>
    <property name="java.io.tmpdir" value="C:\Users\ander\AppData\Local\Temp\"/>
    <property name="java.version" value="17.0.12"/>
    <property name="user.dir" value="C:\Users\ander\checkVolume\backend"/>
    <property name="os.arch" value="amd64"/>
    <property name="java.vm.specification.name" value="Java Virtual Machine Specification"/>
    <property name="sun.os.patch.level" value=""/>
    <property name="native.encoding" value="Cp1252"/>
    <property name="java.library.path" value="C:\Program Files\Java\jdk-17\bin;C:\Windows\Sun\Java\bin;C:\Windows\system32;C:\Windows;C:\Program Files\Common Files\Oracle\Java\javapath;c:\Users\ander\AppData\Local\Programs\cursor\resources\app\bin;C:\Python313\Scripts\;C:\Python313\;C:\Windows\system32;C:\Windows;C:\Windows\System32\Wbem;C:\Windows\System32\WindowsPowerShell\v1.0\;C:\Windows\System32\OpenSSH\;C:\Program Files\NVIDIA Corporation\NVIDIA app\NvDLISR;C:\Program Files (x86)\NVIDIA Corporation\PhysX\Common;C:\Program Files\nodejs\;C:\ProgramData\chocolatey\bin;C:\Program Files\Microsoft SQL Server\Client SDK\ODBC\170\Tools\Binn\;C:\Program Files\Microsoft SQL Server\150\Tools\Binn\;C:\Program Files\dotnet\;C:\Program Files\Git\cmd;C:\Users\ander\AppData\Local\Microsoft\WindowsApps;C:\Users\ander\AppData\Roaming\npm;C:\Users\ander\.dotnet\tools;C:\Users\ander\AppData\Local\Programs\cursor\resources\app\bin;c:\Users\ander\AppData\Local\Programs\cursor\resources\app\bin;%JAVA_HOME%\bin;C:\Users\ander\Documents\apache-maven-3.9.11\bin;."/>
    <property name="java.vm.info" value="mixed mode, sharing"/>
    <property name="java.vendor" value="Oracle Corporation"/>
    <property name="java.vm.version" value="17.0.12+8-LTS-286"/>
    <property name="sun.io.unicode.encoding" value="UnicodeLittle"/>
    <property name="java.class.version" value="61.0"/>
  </properties>
  <testcase name="shouldCalculateLowScoreForUnhealthyProduct" classname="com.volumate.service.VolumeSerenityScoreServiceTest" time="0.973">
    <system-out><![CDATA[18:30:59.650 [main] INFO com.volumate.service.VolumeSerenityScoreService -- Final Volume Serenity Score: 70 for product: Chocolate Candy Bar - Rating: Overvej et andet alternativ hvis du vil undgå at blive sulten hurtigt igen
]]></system-out>
  </testcase>
  <testcase name="shouldCalculateNeutralScoreForMixedProduct" classname="com.volumate.service.VolumeSerenityScoreServiceTest" time="0.004">
    <system-out><![CDATA[18:30:59.696 [main] INFO com.volumate.service.VolumeSerenityScoreService -- Final Volume Serenity Score: 150 for product: Mixed Fruit Yogurt - Rating: Godt mættende!
]]></system-out>
  </testcase>
  <testcase name="shouldHandleEmptyCategories" classname="com.volumate.service.VolumeSerenityScoreServiceTest" time="0.0">
    <system-out><![CDATA[18:30:59.696 [main] INFO com.volumate.service.VolumeSerenityScoreService -- Final Volume Serenity Score: 197 for product: Fresh Apple - Rating: Godt mættende!
]]></system-out>
  </testcase>
  <testcase name="shouldHandleNullCategories" classname="com.volumate.service.VolumeSerenityScoreServiceTest" time="0.0">
    <system-out><![CDATA[18:30:59.696 [main] INFO com.volumate.service.VolumeSerenityScoreService -- Final Volume Serenity Score: 197 for product: Fresh Apple - Rating: Godt mættende!
]]></system-out>
  </testcase>
  <testcase name="shouldCalculateHighScoreForHealthyProduct" classname="com.volumate.service.VolumeSerenityScoreServiceTest" time="0.002">
    <system-out><![CDATA[18:30:59.707 [main] INFO com.volumate.service.VolumeSerenityScoreService -- Final Volume Serenity Score: 209 for product: Organic Oat Bread - Rating: Meget mættende!
]]></system-out>
  </testcase>
  <testcase name="shouldReturnCannotDetermineForProductWithoutName" classname="com.volumate.service.VolumeSerenityScoreServiceTest" time="0.003">
    <system-out><![CDATA[18:30:59.710 [main] WARN com.volumate.service.VolumeSerenityScoreService -- Could not calculate satiety score for product: null
]]></system-out>
  </testcase>
  <testcase name="shouldReturnCannotDetermineForProductWithoutRelevantKeywords" classname="com.volumate.service.VolumeSerenityScoreServiceTest" time="0.0">
    <system-out><![CDATA[18:30:59.711 [main] WARN com.volumate.service.VolumeSerenityScoreService -- Could not calculate satiety score for product: Unknown Product
]]></system-out>
  </testcase>
</testsuite>